This is pdfTeX, Version 3.14159265-2.6-1.40.20 (TeX Live 2019) (preloaded format=pdflatex 2019.5.8)  30 OCT 2019 15:09
entering extended mode
 restricted \write18 enabled.
 file:line:error style messages enabled.
 %&-line parsing enabled.
**deedy-resume-openfont.cls
(./deedy-resume-openfont.cls
LaTeX2e <2018-12-01>

LaTeX Warning: You have requested package `',
               but the package provides `deedy-resume-openfont'.

Package: deedy-resume-openfont 2014/04/30 CV class
(/usr/local/texlive/2019/texmf-dist/tex/latex/base/article.cls
Document Class: article 2018/09/03 v1.4i Standard LaTeX document class
(/usr/local/texlive/2019/texmf-dist/tex/latex/base/size10.clo
File: size10.clo 2018/09/03 v1.4i Standard LaTeX file (size option)
)
\c@part=\count80
\c@section=\count81
\c@subsection=\count82
\c@subsubsection=\count83
\c@paragraph=\count84
\c@subparagraph=\count85
\c@figure=\count86
\c@table=\count87
\abovecaptionskip=\skip41
\belowcaptionskip=\skip42
\bibindent=\dimen102
)

./deedy-resume-openfont.cls:13: LaTeX Error: \usepackage before \documentclass.


See the LaTeX manual or LaTeX Companion for explanation.
Type  H <return>  for immediate help.
 ...                                              
                                                  
l.13 \usepackage[hmargin=1.25cm, vmargin=1.5cm]{
                                                geometry}
? 
./deedy-resume-openfont.cls:13: Emergency stop.
 ...                                              
                                                  
l.13 \usepackage[hmargin=1.25cm, vmargin=1.5cm]{
                                                geometry}
\usepackage may only appear in the document preamble, i.e.,
between \documentclass and \begin{document}.

 
Here is how much of TeX's memory you used:
 199 strings out of 492616
 2316 string characters out of 6129482
 59901 words of memory out of 5000000
 4210 multiletter control sequences out of 15000+600000
 3640 words of font info for 14 fonts, out of 8000000 for 9000
 1141 hyphenation exceptions out of 8191
 23i,0n,17p,129b,36s stack positions out of 5000i,500n,10000p,200000b,80000s
./deedy-resume-openfont.cls:13:  ==> Fatal error occurred, no output PDF file p
roduced!
